This is pdfTeX, Version 3.141592-1.40.4 (MiKTeX 2.6) (preloaded format=pdflatex 2008.1.31)  13 JUL 2008 12:07
entering extended mode
**master.tex
(master.tex
LaTeX2e <2005/12/01>
Babel <v3.8h> and hyphenation patterns for english, usenglishmax, dumylang, noh
yphenation, german, ngerman, french, italian, loaded.
("C:\Programmi\MiKTeX 2.6\tex\latex\toptesi\toptesi.cls"
Document Class: toptesi 2006/04/04 v.4.00.02 Class for typesetting university t
heses
("C:\Programmi\MiKTeX 2.6\tex\latex\base\report.cls"
Document Class: report 2005/09/16 v1.4f Standard LaTeX document class
("C:\Programmi\MiKTeX 2.6\tex\latex\base\size12.clo"
File: size12.clo 2005/09/16 v1.4f Standard LaTeX file (size option)
)
\c@part=\count79
\c@chapter=\count80
\c@section=\count81
\c@subsection=\count82
\c@subsubsection=\count83
\c@paragraph=\count84
\c@subparagraph=\count85
\c@figure=\count86
\c@table=\count87
\abovecaptionskip=\skip41
\belowcaptionskip=\skip42
\bibindent=\dimen102
)
("C:\Programmi\MiKTeX 2.6\tex\generic\babel\babel.sty"
Package: babel 2005/11/23 v3.8h The Babel package

*************************************
* Local config file bblopts.cfg used
*
("C:\Programmi\MiKTeX 2.6\tex\latex\00miktex\bblopts.cfg"
File: bblopts.cfg 2006/07/31 v1.0 MiKTeX 'babel' configuration
)
("C:\Programmi\MiKTeX 2.6\tex\generic\babel\english.ldf"
Language: english 2005/03/30 v3.3o English support from the babel system

("C:\Programmi\MiKTeX 2.6\tex\generic\babel\babel.def"
File: babel.def 2005/11/23 v3.8h Babel common definitions
\babel@savecnt=\count88
\U@D=\dimen103
)
\l@british = a dialect from \language\l@english 
\l@UKenglish = a dialect from \language\l@english 
\l@canadian = a dialect from \language\l@american 
\l@australian = a dialect from \language\l@british 
\l@newzealand = a dialect from \language\l@british 
)
("C:\Programmi\MiKTeX 2.6\tex\generic\babel\italian.ldf"
Language: italian 2005/11/17 v1.2r Italian support from the babel system
Package babel Info: Making " an active character on input line 91.
))
("C:\Programmi\MiKTeX 2.6\tex\latex\toptesi\toptesi.sty"
Package: toptesi 2006/08/22 v.4.00.03 Extension for toptesi.cls

("C:\Programmi\MiKTeX 2.6\tex\latex\graphics\graphicx.sty"
Package: graphicx 1999/02/16 v1.0f Enhanced LaTeX Graphics (DPC,SPQR)

("C:\Programmi\MiKTeX 2.6\tex\latex\graphics\keyval.sty"
Package: keyval 1999/03/16 v1.13 key=value parser (DPC)
\KV@toks@=\toks14
)
("C:\Programmi\MiKTeX 2.6\tex\latex\graphics\graphics.sty"
Package: graphics 2006/02/20 v1.0o Standard LaTeX Graphics (DPC,SPQR)

("C:\Programmi\MiKTeX 2.6\tex\latex\graphics\trig.sty"
Package: trig 1999/03/16 v1.09 sin cos tan (DPC)
)
("C:\Programmi\MiKTeX 2.6\tex\latex\00miktex\graphics.cfg"
File: graphics.cfg 2007/01/18 v1.5 graphics configuration of teTeX/TeXLive
)
Package graphics Info: Driver file: pdftex.def on input line 90.

("C:\Programmi\MiKTeX 2.6\tex\latex\graphics\pdftex.def"
File: pdftex.def 2007/06/12 v0.04h Graphics/color for pdfTeX
\Gread@gobject=\count89
))
\Gin@req@height=\dimen104
\Gin@req@width=\dimen105
)
\@intesta=\box26
\captionwidth=\dimen106

("C:\Programmi\MiKTeX 2.6\tex\latex\toptesi\topfront.sty"
Package: topfront 2006/09/04 v.4.00.04 Title page for TOPtesi
 (toptesi.cfg))
("C:\Programmi\MiKTeX 2.6\tex\latex\toptesi\topcoman.sty"
Package: topcoman 2006/12/15 v.4.01 Additional commands for the TOPtesi bundle
\tabwidth=\dimen107
)))
("C:\Programmi\MiKTeX 2.6\tex\latex\graphics\epsfig.sty"
Package: epsfig 1999/02/16 v1.7a (e)psfig emulation (SPQR)
\epsfxsize=\dimen108
\epsfysize=\dimen109
)
("C:\Programmi\MiKTeX 2.6\tex\latex\amsmath\amsmath.sty"
Package: amsmath 2000/07/18 v2.13 AMS math features
\@mathmargin=\skip43

For additional information on amsmath, use the `?' option.
("C:\Programmi\MiKTeX 2.6\tex\latex\amsmath\amstext.sty"
Package: amstext 2000/06/29 v2.01

("C:\Programmi\MiKTeX 2.6\tex\latex\amsmath\amsgen.sty"
File: amsgen.sty 1999/11/30 v2.0
\@emptytoks=\toks15
\ex@=\dimen110
))
("C:\Programmi\MiKTeX 2.6\tex\latex\amsmath\amsbsy.sty"
Package: amsbsy 1999/11/29 v1.2d
\pmbraise@=\dimen111
)
("C:\Programmi\MiKTeX 2.6\tex\latex\amsmath\amsopn.sty"
Package: amsopn 1999/12/14 v2.01 operator names
)
\inf@bad=\count90
LaTeX Info: Redefining \frac on input line 211.
\uproot@=\count91
\leftroot@=\count92
LaTeX Info: Redefining \overline on input line 307.
\classnum@=\count93
\DOTSCASE@=\count94
LaTeX Info: Redefining \ldots on input line 379.
LaTeX Info: Redefining \dots on input line 382.
LaTeX Info: Redefining \cdots on input line 467.
\Mathstrutbox@=\box27
\strutbox@=\box28
\big@size=\dimen112
LaTeX Font Info:    Redeclaring font encoding OML on input line 567.
LaTeX Font Info:    Redeclaring font encoding OMS on input line 568.
\macc@depth=\count95
\c@MaxMatrixCols=\count96
\dotsspace@=\muskip10
\c@parentequation=\count97
\dspbrk@lvl=\count98
\tag@help=\toks16
\row@=\count99
\column@=\count100
\maxfields@=\count101
\andhelp@=\toks17
\eqnshift@=\dimen113
\alignsep@=\dimen114
\tagshift@=\dimen115
\tagwidth@=\dimen116
\totwidth@=\dimen117
\lineht@=\dimen118
\@envbody=\toks18
\multlinegap=\skip44
\multlinetaggap=\skip45
\mathdisplay@stack=\toks19
LaTeX Info: Redefining \[ on input line 2666.
LaTeX Info: Redefining \] on input line 2667.
)
("C:\Programmi\MiKTeX 2.6\tex\latex\amscls\amsthm.sty"
Package: amsthm 2004/08/06 v2.20
\thm@style=\toks20
\thm@bodyfont=\toks21
\thm@headfont=\toks22
\thm@notefont=\toks23
\thm@headpunct=\toks24
\thm@preskip=\skip46
\thm@postskip=\skip47
\thm@headsep=\skip48
\dth@everypar=\toks25
)
("C:\Programmi\MiKTeX 2.6\tex\latex\amsfonts\amsfonts.sty"
Package: amsfonts 2001/10/25 v2.2f
\symAMSa=\mathgroup4
\symAMSb=\mathgroup5
LaTeX Font Info:    Overwriting math alphabet `\mathfrak' in version `bold'
(Font)                  U/euf/m/n --> U/euf/b/n on input line 132.
)
("C:\Programmi\MiKTeX 2.6\tex\latex\pgf\frontendlayer\tikz.sty"
("C:\Programmi\MiKTeX 2.6\tex\latex\pgf\basiclayer\pgf.sty"
("C:\Programmi\MiKTeX 2.6\tex\latex\pgf\utilities\pgfrcs.sty"
("C:\Programmi\MiKTeX 2.6\tex\generic\pgf\utilities\pgfutil-common.tex")
("C:\Programmi\MiKTeX 2.6\tex\generic\pgf\utilities\pgfutil-latex.def")
("C:\Programmi\MiKTeX 2.6\tex\generic\pgf\utilities\pgfrcs.code.tex"
Package: pgfrcs 2007/06/08 v1.18 (rcs-revision 1.16)
))
Package: pgf 2007/01/01 v1.18 (rcs-revision 1.8)

("C:\Programmi\MiKTeX 2.6\tex\latex\pgf\basiclayer\pgfcore.sty"
("C:\Programmi\MiKTeX 2.6\tex\latex\pgf\systemlayer\pgfsys.sty"
("C:\Programmi\MiKTeX 2.6\tex\generic\pgf\systemlayer\pgfsys.code.tex"
Package: pgfsys 2007/06/07 v1.18 (rcs-revision 1.24)
\pgf@x=\dimen119
\pgf@y=\dimen120
\pgf@xa=\dimen121
\pgf@ya=\dimen122
\pgf@xb=\dimen123
\pgf@yb=\dimen124
\pgf@xc=\dimen125
\pgf@yc=\dimen126
\c@pgf@counta=\count102
\c@pgf@countb=\count103
\c@pgf@countc=\count104
\c@pgf@countd=\count105

("C:\Programmi\MiKTeX 2.6\tex\generic\pgf\systemlayer\pgf.cfg"
File: pgf.cfg 2007/03/20  (rcs-revision 1.4)
)
Package pgfsys Info: Driver file for pgf: pgfsys-pdftex.def on input line 846.

("C:\Programmi\MiKTeX 2.6\tex\generic\pgf\systemlayer\pgfsys-pdftex.def"
File: pgfsys-pdftex.def 2007/06/07  (rcs-revision 1.15)

("C:\Programmi\MiKTeX 2.6\tex\generic\pgf\systemlayer\pgfsys-common-pdf.def"
File: pgfsys-common-pdf.def 2006/10/16  (rcs-revision 1.7)
))) ("C:\Programmi\MiKTeX 2.6\tex\generic\pgf\systemlayer\pgfsyssoftpath.code.t
ex"
File: pgfsyssoftpath.code.tex 2007/02/19  (rcs-revision 1.5)
) ("C:\Programmi\MiKTeX 2.6\tex\generic\pgf\systemlayer\pgfsysprotocol.code.tex
"
File: pgfsysprotocol.code.tex 2006/10/16  (rcs-revision 1.4)
)) ("C:\Programmi\MiKTeX 2.6\tex\latex\xcolor\xcolor.sty"
Package: xcolor 2007/01/21 v2.11 LaTeX color extensions (UK)

("C:\Programmi\MiKTeX 2.6\tex\latex\00miktex\color.cfg"
File: color.cfg 2007/01/18 v1.5 color configuration of teTeX/TeXLive
)
Package xcolor Info: Driver file: pdftex.def on input line 225.
Package xcolor Info: Model `cmy' substituted by `cmy0' on input line 1337.
Package xcolor Info: Model `hsb' substituted by `rgb' on input line 1341.
Package xcolor Info: Model `RGB' extended on input line 1353.
Package xcolor Info: Model `HTML' substituted by `rgb' on input line 1355.
Package xcolor Info: Model `Hsb' substituted by `hsb' on input line 1356.
Package xcolor Info: Model `tHsb' substituted by `hsb' on input line 1357.
Package xcolor Info: Model `HSB' substituted by `hsb' on input line 1358.
Package xcolor Info: Model `Gray' substituted by `gray' on input line 1359.
Package xcolor Info: Model `wave' substituted by `hsb' on input line 1360.
)
("C:\Programmi\MiKTeX 2.6\tex\generic\pgf\basiclayer\pgfcore.code.tex"
Package: pgfcore 2007/03/09 v1.18 (rcs-revision 1.5)

("C:\Programmi\MiKTeX 2.6\tex\generic\pgf\math\pgfmath.code.tex"
("C:\Programmi\MiKTeX 2.6\tex\generic\pgf\math\pgfmathcalc.code.tex"
("C:\Programmi\MiKTeX 2.6\tex\generic\pgf\math\pgfmathutil.code.tex")
("C:\Programmi\MiKTeX 2.6\tex\generic\pgf\math\pgfmathparser.code.tex"
\pgfmath@stack=\toks26
\c@pgfmath@parsecounta=\count106
\c@pgfmath@parsecountb=\count107
\c@pgfmath@parsecountc=\count108
\pgfmath@parsex=\dimen127
)
("C:\Programmi\MiKTeX 2.6\tex\generic\pgf\math\pgfmathoperations.code.tex"
("C:\Programmi\MiKTeX 2.6\tex\generic\pgf\math\pgfmathtrig.code.tex")
("C:\Programmi\MiKTeX 2.6\tex\generic\pgf\math\pgfmathrnd.code.tex"))
("C:\Programmi\MiKTeX 2.6\tex\generic\pgf\math\pgfmathbase.code.tex")))
("C:\Programmi\MiKTeX 2.6\tex\generic\pgf\basiclayer\pgfcorepoints.code.tex"
File: pgfcorepoints.code.tex 2007/04/19  (rcs-revision 1.9)
\pgf@picminx=\dimen128
\pgf@picmaxx=\dimen129
\pgf@picminy=\dimen130
\pgf@picmaxy=\dimen131
\pgf@pathminx=\dimen132
\pgf@pathmaxx=\dimen133
\pgf@pathminy=\dimen134
\pgf@pathmaxy=\dimen135
\pgf@xx=\dimen136
\pgf@xy=\dimen137
\pgf@yx=\dimen138
\pgf@yy=\dimen139
\pgf@zx=\dimen140
\pgf@zy=\dimen141
)
("C:\Programmi\MiKTeX 2.6\tex\generic\pgf\basiclayer\pgfcorepathconstruct.code.
tex"
File: pgfcorepathconstruct.code.tex 2007/06/07  (rcs-revision 1.9)
\pgf@path@lastx=\dimen142
\pgf@path@lasty=\dimen143
)
("C:\Programmi\MiKTeX 2.6\tex\generic\pgf\basiclayer\pgfcorepathusage.code.tex"
File: pgfcorepathusage.code.tex 2007/03/09  (rcs-revision 1.8)
\pgf@shorten@end@additional=\dimen144
\pgf@shorten@start@additional=\dimen145
) ("C:\Programmi\MiKTeX 2.6\tex\generic\pgf\basiclayer\pgfcorescopes.code.tex"
File: pgfcorescopes.code.tex 2007/06/07  (rcs-revision 1.24)
\pgfpic=\box29
\pgf@hbox=\box30
\pgf@layerbox@main=\box31
\pgf@picture@serial@count=\count109
)
("C:\Programmi\MiKTeX 2.6\tex\generic\pgf\basiclayer\pgfcoregraphicstate.code.t
ex"
File: pgfcoregraphicstate.code.tex 2007/03/09  (rcs-revision 1.7)
\pgflinewidth=\dimen146
)
("C:\Programmi\MiKTeX 2.6\tex\generic\pgf\basiclayer\pgfcoretransformations.cod
e.tex"
File: pgfcoretransformations.code.tex 2007/06/07  (rcs-revision 1.6)
\pgf@pt@x=\dimen147
\pgf@pt@y=\dimen148
\pgf@pt@temp=\dimen149
)
("C:\Programmi\MiKTeX 2.6\tex\generic\pgf\basiclayer\pgfcorequick.code.tex"
File: pgfcorequick.code.tex 2006/10/11  (rcs-revision 1.2)
)
("C:\Programmi\MiKTeX 2.6\tex\generic\pgf\basiclayer\pgfcoreobjects.code.tex"
File: pgfcoreobjects.code.tex 2006/10/11  (rcs-revision 1.2)
)
("C:\Programmi\MiKTeX 2.6\tex\generic\pgf\basiclayer\pgfcorepathprocessing.code
.tex"
File: pgfcorepathprocessing.code.tex 2007/03/09  (rcs-revision 1.6)
)
("C:\Programmi\MiKTeX 2.6\tex\generic\pgf\basiclayer\pgfcorearrows.code.tex"
File: pgfcorearrows.code.tex 2007/06/07  (rcs-revision 1.8)
)
("C:\Programmi\MiKTeX 2.6\tex\generic\pgf\basiclayer\pgfcoreshade.code.tex"
File: pgfcoreshade.code.tex 2007/03/09  (rcs-revision 1.8)
\pgf@max=\dimen150
\pgf@sys@shading@range@num=\count110
)))
("C:\Programmi\MiKTeX 2.6\tex\latex\pgf\basiclayer\pgfbaseshapes.sty"
("C:\Programmi\MiKTeX 2.6\tex\generic\pgf\basiclayer\pgfbaseshapes.code.tex"
Package: pgfbaseshapes 2007/06/07 v1.18 (rcs-revision 1.19)
\pgfnodeparttextbox=\box32
))
("C:\Programmi\MiKTeX 2.6\tex\latex\pgf\basiclayer\pgfbaseplot.sty"
("C:\Programmi\MiKTeX 2.6\tex\generic\pgf\basiclayer\pgfbaseplot.code.tex"
Package: pgfbaseplot 2007/05/02 v1.18 (rcs-revision 1.7)
\pgf@plotwrite=\write3
))
("C:\Programmi\MiKTeX 2.6\tex\latex\pgf\basiclayer\pgfbaseimage.sty"
("C:\Programmi\MiKTeX 2.6\tex\generic\pgf\basiclayer\pgfbaseimage.code.tex"
Package: pgfbaseimage 2007/05/31 v1.18 (rcs-revision 1.7)
\pgfexternal@startupbox=\box33
))
("C:\Programmi\MiKTeX 2.6\tex\latex\pgf\basiclayer\pgfbaselayers.sty"
("C:\Programmi\MiKTeX 2.6\tex\generic\pgf\basiclayer\pgfbaselayers.code.tex"
Package: pgfbaselayers 2006/10/16 v1.18 (rcs-revision 1.5)
))
("C:\Programmi\MiKTeX 2.6\tex\latex\pgf\basiclayer\pgfbasesnakes.sty"
("C:\Programmi\MiKTeX 2.6\tex\generic\pgf\basiclayer\pgfbasesnakes.code.tex"
Package: pgfbasesnakes 2007/03/09 v1.18 (rcs-revision 1.11)
\pgfsnakeremainingdistance=\dimen151
\pgfsnakecompleteddistance=\dimen152
))
("C:\Programmi\MiKTeX 2.6\tex\latex\pgf\basiclayer\pgfbasepatterns.sty"
("C:\Programmi\MiKTeX 2.6\tex\generic\pgf\basiclayer\pgfbasepatterns.code.tex"
Package: pgfbasepatterns 2007/02/05 v1.18 (rcs-revision 1.10)
)) ("C:\Programmi\MiKTeX 2.6\tex\latex\pgf\basiclayer\pgfbasematrix.sty"
("C:\Programmi\MiKTeX 2.6\tex\generic\pgf\basiclayer\pgfbasematrix.code.tex"
Package: pgfbasematrix 2007/03/09 v1.18 (rcs-revision 1.11)
\pgfmatrixcurrentrow=\count111
\pgfmatrixcurrentcolumn=\count112
\pgf@matrix@numberofcolumns=\count113
))
("C:\Programmi\MiKTeX 2.6\tex\latex\pgf\compatibility\pgfcomp-version-0-65.sty"
Package: pgfcomp-version-0-65 2006/10/11 v1.18 (rcs-revision 1.4)
\pgf@nodesepstart=\dimen153
\pgf@nodesepend=\dimen154
)) ("C:\Programmi\MiKTeX 2.6\tex\latex\tools\calc.sty"
Package: calc 2005/08/06 v4.2 Infix arithmetic (KKT,FJ)
\calc@Acount=\count114
\calc@Bcount=\count115
\calc@Adimen=\dimen155
\calc@Bdimen=\dimen156
\calc@Askip=\skip49
\calc@Bskip=\skip50
LaTeX Info: Redefining \setlength on input line 75.
LaTeX Info: Redefining \addtolength on input line 76.
\calc@Ccount=\count116
\calc@Cskip=\skip51
)
("C:\Programmi\MiKTeX 2.6\tex\latex\pgf\utilities\pgffor.sty"
("C:\Programmi\MiKTeX 2.6\tex\generic\pgf\utilities\pgffor.code.tex"
Package: pgffor 2006/10/16 v1.18 (rcs-revision 1.5)
\pgffor@iter=\dimen157
\pgffor@skip=\dimen158
))
("C:\Programmi\MiKTeX 2.6\tex\latex\xkeyval\xkeyval.sty"
Package: xkeyval 2006/11/18 v2.5f package option processing (HA)

("C:\Programmi\MiKTeX 2.6\tex\generic\xkeyval\xkeyval.tex"
\XKV@toks=\toks27
\XKV@depth=\count117
File: xkeyval.tex 2006/11/18 v2.5f key=value parser (HA)
))
("C:\Programmi\MiKTeX 2.6\tex\generic\pgf\frontendlayer\tikz.code.tex"
Package: tikz 2007/06/07 v1.18 (rcs-revision 1.87)

("C:\Programmi\MiKTeX 2.6\tex\generic\pgf\libraries\pgflibraryplothandlers.code
.tex"
File: pgflibraryplothandlers.code.tex 2007/03/09 v1.18 (rcs-revision 1.9)
\pgf@plot@mark@count=\count118
\pgfplotmarksize=\dimen159
)
\tikz@lastx=\dimen160
\tikz@lasty=\dimen161
\tikz@lastxsaved=\dimen162
\tikz@lastysaved=\dimen163
\tikzleveldistance=\dimen164
\tikzsiblingdistance=\dimen165
\tikz@figbox=\box34
\tikz@tempbox=\box35
\tikztreelevel=\count119
\tikznumberofchildren=\count120
\tikznumberofcurrentchild=\count121
\tikz@fig@count=\count122
\tikz@expandcount=\count123

("C:\Programmi\MiKTeX 2.6\tex\generic\pgf\libraries\pgflibrarytikztopaths.code.
tex"
File: pgflibrarytikztopaths.code.tex 2007/06/07 v1.18 (rcs-revision 1.7)
))) ("C:\Programmi\MiKTeX 2.6\tex\latex\caption\caption.sty"
Package: caption 2007/11/04 v3.1e Customising captions (AR)

("C:\Programmi\MiKTeX 2.6\tex\latex\caption\caption3.sty"
Package: caption3 2007/11/04 v3.1e caption3 kernel (AR)
\captionmargin=\dimen166
\captionmargin@=\dimen167
\captionwidth=\dimen168
\caption@indent=\dimen169
\caption@parindent=\dimen170
\caption@hangindent=\dimen171
Package caption Info: Unknown document class (or package),
(caption)             standard defaults will be used on input line 978.
)

Package caption Warning: Unsupported document class (or package) detected,
(caption)                usage of the caption package is *not* recommended.

Package caption Info: \@makecaption = \long macro:#1#2->\begingroup \small \par
skip \z@ \parindent \z@ \finalhyphendemerits 100000\relax \linespread {0.95}\se
lectfont \vskip \abovedisplayskip \vskip \abovedisplayskip \captionwidth =\hsiz
e \advance \captionwidth -3em \setbox 0 \hbox {#1.\quad #2}\ifdim \wd 0>\hsize 
\setbox 1 \vbox {\hsize =\captionwidth \unhbox 0\par \global \setbox 2\lastbox 
}\setbox 2\hbox {\unhbox 2}\ifdim \wd 2<0.333333\captionwidth \count 255=\ht 1 
\advance \count 255 \dp 1 \divide \count 255\baselineskip \advance \count 255\@
ne \@tempdima =\wd 2 \advance \@tempdima \count 255\captionwidth \advance \@tem
pdima 0.5\captionwidth \advance \count 255\@ne \divide \@tempdima \count 255 \c
aptionwidth =\@tempdima \setbox 0 \vbox {\hsize \captionwidth #1.\quad #2} \els
e \setbox 2\hbox to\captionwidth {\unhbox 2 \hfill }\setbox 0\vbox {\unvbox 1\b
ox 2}\fi \fi \makebox [\hsize ]{\box 0}\endgroup .
\c@ContinuedFloat=\count124
) (signalflowdiagram.sty
Package: signalflowdiagram 2006/12/30 v0.1 Signal flow diagrams
 (pgflibrarytikzsignalflowdiagram.code.tex)
(pgflibrarytikzsignalflowarrows.code.tex)
(pgflibrarytikzsignalflowoperators.code.tex
\pgfnodepartabovebox=\box36
\pgfnodepartrightbox=\box37
\pgfnodepartbelowbox=\box38
\pgfnodepartleftbox=\box39
)
(pgflibrarytikzsignalflowblocks.code.tex
\pgfnodeparttextbox=\box40
\pgfnodepartSbox=\box41
\pgfnodepartPbox=\box42
\pgfnodepartSbox=\box43
\pgfnodepartPbox=\box44
)
\c@r=\count125
) (gnuplot-lua-tikz.sty
Package: gnuplot-lua-tikz 2007/09/30 (rev. 69) GNUPLOT Lua terminal style

("C:\Programmi\MiKTeX 2.6\tex\latex\pgf\utilities\xxcolor.sty"
Package: xxcolor 2003/10/24 ver 0.1
\XC@nummixins=\count126
\XC@countmixins=\count127
)
("C:\Programmi\MiKTeX 2.6\tex\generic\oberdiek\ifpdf.sty"
Package: ifpdf 2007/09/09 v1.5 Provides the ifpdf switch (HO)
Package ifpdf Info: pdfTeX in pdf mode detected.
)
("C:\Programmi\MiKTeX 2.6\tex\generic\ifxetex\ifxetex.sty"
Package: ifxetex 2006/08/21 v0.3 Provides ifxetex conditional
)
("C:\Programmi\MiKTeX 2.6\tex\generic\pgf\libraries\pgflibrarytikzarrows.code.t
ex"
File: pgflibrarytikzarrows.code.tex 2006/10/11 v1.18 (rcs-revision 1.2)

("C:\Programmi\MiKTeX 2.6\tex\generic\pgf\libraries\pgflibraryarrows.code.tex"
File: pgflibraryarrows.code.tex 2007/06/07 v1.18 (rcs-revision 1.7)
))
("C:\Programmi\MiKTeX 2.6\tex\generic\pgf\libraries\pgflibrarytikzpatterns.code
.tex"
File: pgflibrarytikzpatterns.code.tex 2006/10/11 v1.18 (rcs-revision 1.2)

("C:\Programmi\MiKTeX 2.6\tex\generic\pgf\libraries\pgflibrarypatterns.code.tex
"
File: pgflibrarypatterns.code.tex 2007/03/09 v1.18 (rcs-revision 1.8)
))
("C:\Programmi\MiKTeX 2.6\tex\generic\pgf\libraries\pgflibrarytikzplotmarks.cod
e.tex"
File: pgflibrarytikzplotmarks.code.tex 2006/10/11 v1.18 (rcs-revision 1.2)

("C:\Programmi\MiKTeX 2.6\tex\generic\pgf\libraries\pgflibraryplotmarks.code.te
x"
File: pgflibraryplotmarks.code.tex 2007/03/09 v1.18 (rcs-revision 1.5)
))
\gpbasems=\skip52
\gpbaselw=\skip53
) ("C:\Programmi\MiKTeX 2.6\tex\latex\microtype\microtype.sty"
Package: microtype 2007/12/23 v2.3 Micro-typography with pdfTeX (RS)
\MT@toks=\toks28
\MT@count=\count128
LaTeX Info: Redefining \lsstyle on input line 1591.
LaTeX Info: Redefining \lslig on input line 1591.
\MT@outer@space=\skip54
LaTeX Info: Redefining \textls on input line 1592.
\MT@outer@kern=\dimen172
LaTeX Info: Redefining \textmicrotypecontext on input line 2119.
Package microtype Info: Loading configuration file microtype.cfg.

("C:\Programmi\MiKTeX 2.6\tex\latex\microtype\microtype.cfg"
File: microtype.cfg 2007/12/23 v2.3 microtype main configuration file (RS)
))
("C:\Programmi\MiKTeX 2.6\tex\latex\listings\listings.sty"
\lst@mode=\count129
\lst@gtempboxa=\box45
\lst@token=\toks29
\lst@length=\count130
\lst@currlwidth=\dimen173
\lst@column=\count131
\lst@pos=\count132
\lst@lostspace=\dimen174
\lst@width=\dimen175
\lst@newlines=\count133
\lst@lineno=\count134
\lst@maxwidth=\dimen176

("C:\Programmi\MiKTeX 2.6\tex\latex\listings\lstmisc.sty"
File: lstmisc.sty 2007/02/22 1.4 (Carsten Heinz)
\c@lstnumber=\count135
\lst@skipnumbers=\count136
\lst@framebox=\box46
)
("C:\Programmi\MiKTeX 2.6\tex\latex\listings\listings.cfg"
File: listings.cfg 2007/02/22 1.4 listings configuration
))
Package: listings 2007/02/22 1.4 (Carsten Heinz)

("C:\Programmi\MiKTeX 2.6\tex\latex\subfig\subfig.sty"
Package: subfig 2005/06/28 ver: 1.3 subfig package
\c@KVtest=\count137
\sf@farskip=\skip55
\sf@captopadj=\dimen177
\sf@capskip=\skip56
\sf@nearskip=\skip57
\c@subfigure=\count138
\c@subfigure@save=\count139
\c@lofdepth=\count140
\c@subtable=\count141
\c@subtable@save=\count142
\c@lotdepth=\count143
\sf@top=\skip58
\sf@bottom=\skip59
)
("C:\Programmi\MiKTeX 2.6\tex\latex\base\fontenc.sty"
Package: fontenc 2005/09/27 v1.99g Standard LaTeX package

("C:\Programmi\MiKTeX 2.6\tex\latex\base\t1enc.def"
File: t1enc.def 2005/09/27 v1.99g Standard LaTeX file
LaTeX Font Info:    Redeclaring font encoding T1 on input line 43.
))
\c@Theorem=\count144
\c@Def=\count145

("C:\Programmi\MiKTeX 2.6\tex\latex\listings\lstlang1.sty"
File: lstlang1.sty 2004/09/05 1.3 listings language file
)
("C:\Programmi\MiKTeX 2.6\tex\latex\listings\lstmisc.sty"
File: lstmisc.sty 2007/02/22 1.4 (Carsten Heinz)
) (master.aux
(preliminari.aux) (riassunto.aux) (cap1.aux) (cap2.aux) (cap3.aux) (cap4.aux)
(cap5.aux) (cap6.aux) (conclusioni.aux) (basic.aux) (bibliografy.aux))
LaTeX Font Info:    Checking defaults for OML/cmm/m/it on input line 78.
LaTeX Font Info:    ... okay on input line 78.
LaTeX Font Info:    Checking defaults for T1/cmr/m/n on input line 78.
LaTeX Font Info:    ... okay on input line 78.
LaTeX Font Info:    Checking defaults for OT1/cmr/m/n on input line 78.
LaTeX Font Info:    ... okay on input line 78.
LaTeX Font Info:    Checking defaults for OMS/cmsy/m/n on input line 78.
LaTeX Font Info:    ... okay on input line 78.
LaTeX Font Info:    Checking defaults for OMX/cmex/m/n on input line 78.
LaTeX Font Info:    ... okay on input line 78.
LaTeX Font Info:    Checking defaults for U/cmr/m/n on input line 78.
LaTeX Font Info:    ... okay on input line 78.
LaTeX Font Info:    Checking defaults for LGR/cmr/m/n on input line 78.
LaTeX Font Info:    Try loading font information for LGR+cmr on input line 78.

("C:\Programmi\MiKTeX 2.6\tex\generic\babel\lgrcmr.fd"
File: lgrcmr.fd 2001/01/30 v2.2e Greek Computer Modern
)
LaTeX Font Info:    ... okay on input line 78.

("C:\Programmi\MiKTeX 2.6\tex\context\base\supp-pdf.tex"
[Loading MPS to PDF converter (version 2006.09.02).]
\scratchcounter=\count146
\scratchdimen=\dimen178
\scratchbox=\box47
\nofMPsegments=\count147
\nofMParguments=\count148
\MPscratchCnt=\count149
\MPscratchDim=\dimen179
\MPnumerator=\count150
\everyMPtoPDFconversion=\toks30
)
Package caption Info: Begin \AtBeginDocument code.
Package caption3 Info: subfig package 1.2 or 1.3 is loaded.
LaTeX Info: Redefining \subref on input line 78.
Package caption Info: listings package is loaded.
Package caption Info: End \AtBeginDocument code.
LaTeX Info: Redefining \microtypecontext on input line 78.
Package microtype Info: Generating PDF output.
Package microtype Info: Character protrusion enabled (level 2).
Package microtype Info: Using default protrusion set `alltext'.
Package microtype Info: Automatic font expansion enabled (level 2),
(microtype)             stretch: 20, shrink: 20, step: 4, non-selected.
Package microtype Info: Using default expansion set `basictext'.
Package microtype Info: No tracking.
Package microtype Info: No adjustment of interword spacing.
Package microtype Info: No adjustment of character kerning.
 ("C:\Programmi\MiKTeX 2.6\tex\latex\microtype\mt-cmr.cfg"
File: mt-cmr.cfg 2005/11/07 v1.9 microtype config. file: Computer Modern Roman 
(RS)
)
\c@lstlisting=\count151

<logopolito.pdf, id=1, 526.79488pt x 523.45164pt>
File: logopolito.pdf Graphic file (type pdf)
 <use logopolito.pdf>
LaTeX Font Info:    Try loading font information for U+msa on input line 79.

("C:\Programmi\MiKTeX 2.6\tex\latex\amsfonts\umsa.fd"
File: umsa.fd 2002/01/19 v2.2g AMS font definitions
)
("C:\Programmi\MiKTeX 2.6\tex\latex\microtype\mt-msa.cfg"
File: mt-msa.cfg 2006/02/04 v1.1 microtype config. file: AMS symbols (a) (RS)
)
LaTeX Font Info:    Try loading font information for U+msb on input line 79.

("C:\Programmi\MiKTeX 2.6\tex\latex\amsfonts\umsb.fd"
File: umsb.fd 2002/01/19 v2.2g AMS font definitions
)
("C:\Programmi\MiKTeX 2.6\tex\latex\microtype\mt-msb.cfg"
File: mt-msb.cfg 2005/06/01 v1.0 microtype config. file: AMS symbols (b) (RS)
)
Overfull \vbox (2.28217pt too high) has occurred while \output is active []


[1{psfonts.map}



 <logopolito.pdf>] [2

] (preliminari.tex
Underfull \vbox (badness 10000) has occurred while \output is active []

 [3


]
[4]