This is pdfTeX, Version 3.141592-1.40.4 (MiKTeX 2.6) (preloaded format=latex 2007.12.8)  8 DEC 2007 00:29
entering extended mode
**prova.tex
(prova.tex
LaTeX2e <2005/12/01>
Babel <v3.8h> and hyphenation patterns for english, dumylang, nohyphenation, ge
rman, ngerman, french, loaded.
("C:\Programmi\MiKTeX 2.6\tex\latex\base\article.cls"
Document Class: article 2005/09/16 v1.4f Standard LaTeX document class
("C:\Programmi\MiKTeX 2.6\tex\latex\base\size10.clo"
File: size10.clo 2005/09/16 v1.4f Standard LaTeX file (size option)
)
\c@part=\count79
\c@section=\count80
\c@subsection=\count81
\c@subsubsection=\count82
\c@paragraph=\count83
\c@subparagraph=\count84
\c@figure=\count85
\c@table=\count86
\abovecaptionskip=\skip41
\belowcaptionskip=\skip42
\bibindent=\dimen102
)
("C:\Programmi\MiKTeX 2.6\tex\latex\pgf\frontendlayer\tikz.sty"
("C:\Programmi\MiKTeX 2.6\tex\latex\pgf\basiclayer\pgf.sty"
("C:\Programmi\MiKTeX 2.6\tex\latex\pgf\utilities\pgfrcs.sty"
("C:\Programmi\MiKTeX 2.6\tex\generic\pgf\utilities\pgfutil-common.tex")
("C:\Programmi\MiKTeX 2.6\tex\generic\pgf\utilities\pgfutil-latex.def")
("C:\Programmi\MiKTeX 2.6\tex\generic\pgf\utilities\pgfrcs.code.tex"
Package: pgfrcs 2007/06/08 v1.18 (rcs-revision 1.16)
))
Package: pgf 2007/01/01 v1.18 (rcs-revision 1.8)

("C:\Programmi\MiKTeX 2.6\tex\latex\pgf\basiclayer\pgfcore.sty"
("C:\Programmi\MiKTeX 2.6\tex\latex\graphics\graphicx.sty"
Package: graphicx 1999/02/16 v1.0f Enhanced LaTeX Graphics (DPC,SPQR)

("C:\Programmi\MiKTeX 2.6\tex\latex\graphics\keyval.sty"
Package: keyval 1999/03/16 v1.13 key=value parser (DPC)
\KV@toks@=\toks14
)
("C:\Programmi\MiKTeX 2.6\tex\latex\graphics\graphics.sty"
Package: graphics 2006/02/20 v1.0o Standard LaTeX Graphics (DPC,SPQR)

("C:\Programmi\MiKTeX 2.6\tex\latex\graphics\trig.sty"
Package: trig 1999/03/16 v1.09 sin cos tan (DPC)
)
("C:\Programmi\MiKTeX 2.6\tex\latex\00miktex\graphics.cfg"
File: graphics.cfg 2007/01/18 v1.5 graphics configuration of teTeX/TeXLive
)
Package graphics Info: Driver file: dvips.def on input line 90.

("C:\Programmi\MiKTeX 2.6\tex\latex\graphics\dvips.def"
File: dvips.def 1999/02/16 v3.0i Driver-dependant file (DPC,SPQR)
))
\Gin@req@height=\dimen103
\Gin@req@width=\dimen104
)
("C:\Programmi\MiKTeX 2.6\tex\latex\pgf\systemlayer\pgfsys.sty"
("C:\Programmi\MiKTeX 2.6\tex\generic\pgf\systemlayer\pgfsys.code.tex"
Package: pgfsys 2007/06/07 v1.18 (rcs-revision 1.24)
\pgf@x=\dimen105
\pgf@y=\dimen106
\pgf@xa=\dimen107
\pgf@ya=\dimen108
\pgf@xb=\dimen109
\pgf@yb=\dimen110
\pgf@xc=\dimen111
\pgf@yc=\dimen112
\c@pgf@counta=\count87
\c@pgf@countb=\count88
\c@pgf@countc=\count89
\c@pgf@countd=\count90

("C:\Programmi\MiKTeX 2.6\tex\generic\pgf\systemlayer\pgf.cfg"
File: pgf.cfg 2007/03/20  (rcs-revision 1.4)
)
Package pgfsys Info: Driver file for pgf: pgfsys-dvips.def on input line 846.

("C:\Programmi\MiKTeX 2.6\tex\generic\pgf\systemlayer\pgfsys-dvips.def"
File: pgfsys-dvips.def 2007/05/28  (rcs-revision 1.17)

("C:\Programmi\MiKTeX 2.6\tex\generic\pgf\systemlayer\pgfsys-common-postscript.
def"
File: pgfsys-common-postscript.def 2007/06/07  (rcs-revision 1.16)
\pgf@objectcount=\count91
)))
("C:\Programmi\MiKTeX 2.6\tex\generic\pgf\systemlayer\pgfsyssoftpath.code.tex"
File: pgfsyssoftpath.code.tex 2007/02/19  (rcs-revision 1.5)
) ("C:\Programmi\MiKTeX 2.6\tex\generic\pgf\systemlayer\pgfsysprotocol.code.tex
"
File: pgfsysprotocol.code.tex 2006/10/16  (rcs-revision 1.4)
)) ("C:\Programmi\MiKTeX 2.6\tex\latex\xcolor\xcolor.sty"
Package: xcolor 2007/01/21 v2.11 LaTeX color extensions (UK)

("C:\Programmi\MiKTeX 2.6\tex\latex\00miktex\color.cfg"
File: color.cfg 2007/01/18 v1.5 color configuration of teTeX/TeXLive
)
Package xcolor Info: Driver file: dvips.def on input line 225.
Package xcolor Info: Model `cmy' substituted by `cmy0' on input line 1337.
Package xcolor Info: Model `RGB' extended on input line 1353.
Package xcolor Info: Model `HTML' substituted by `rgb' on input line 1355.
Package xcolor Info: Model `Hsb' substituted by `hsb' on input line 1356.
Package xcolor Info: Model `tHsb' substituted by `hsb' on input line 1357.
Package xcolor Info: Model `HSB' substituted by `hsb' on input line 1358.
Package xcolor Info: Model `Gray' substituted by `gray' on input line 1359.
Package xcolor Info: Model `wave' substituted by `hsb' on input line 1360.
)
("C:\Programmi\MiKTeX 2.6\tex\generic\pgf\basiclayer\pgfcore.code.tex"
Package: pgfcore 2007/03/09 v1.18 (rcs-revision 1.5)

("C:\Programmi\MiKTeX 2.6\tex\generic\pgf\math\pgfmath.code.tex"
("C:\Programmi\MiKTeX 2.6\tex\generic\pgf\math\pgfmathcalc.code.tex"
("C:\Programmi\MiKTeX 2.6\tex\generic\pgf\math\pgfmathutil.code.tex")
("C:\Programmi\MiKTeX 2.6\tex\generic\pgf\math\pgfmathparser.code.tex"
\pgfmath@stack=\toks15
\c@pgfmath@parsecounta=\count92
\c@pgfmath@parsecountb=\count93
\c@pgfmath@parsecountc=\count94
\pgfmath@parsex=\dimen113
)
("C:\Programmi\MiKTeX 2.6\tex\generic\pgf\math\pgfmathoperations.code.tex"
("C:\Programmi\MiKTeX 2.6\tex\generic\pgf\math\pgfmathtrig.code.tex")
("C:\Programmi\MiKTeX 2.6\tex\generic\pgf\math\pgfmathrnd.code.tex"))
("C:\Programmi\MiKTeX 2.6\tex\generic\pgf\math\pgfmathbase.code.tex")))
("C:\Programmi\MiKTeX 2.6\tex\generic\pgf\basiclayer\pgfcorepoints.code.tex"
File: pgfcorepoints.code.tex 2007/04/19  (rcs-revision 1.9)
\pgf@picminx=\dimen114
\pgf@picmaxx=\dimen115
\pgf@picminy=\dimen116
\pgf@picmaxy=\dimen117
\pgf@pathminx=\dimen118
\pgf@pathmaxx=\dimen119
\pgf@pathminy=\dimen120
\pgf@pathmaxy=\dimen121
\pgf@xx=\dimen122
\pgf@xy=\dimen123
\pgf@yx=\dimen124
\pgf@yy=\dimen125
\pgf@zx=\dimen126
\pgf@zy=\dimen127
)
("C:\Programmi\MiKTeX 2.6\tex\generic\pgf\basiclayer\pgfcorepathconstruct.code.
tex"
File: pgfcorepathconstruct.code.tex 2007/06/07  (rcs-revision 1.9)
\pgf@path@lastx=\dimen128
\pgf@path@lasty=\dimen129
)
("C:\Programmi\MiKTeX 2.6\tex\generic\pgf\basiclayer\pgfcorepathusage.code.tex"
File: pgfcorepathusage.code.tex 2007/03/09  (rcs-revision 1.8)
\pgf@shorten@end@additional=\dimen130
\pgf@shorten@start@additional=\dimen131
) ("C:\Programmi\MiKTeX 2.6\tex\generic\pgf\basiclayer\pgfcorescopes.code.tex"
File: pgfcorescopes.code.tex 2007/06/07  (rcs-revision 1.24)
\pgfpic=\box26
\pgf@hbox=\box27
\pgf@layerbox@main=\box28
\pgf@picture@serial@count=\count95
)
("C:\Programmi\MiKTeX 2.6\tex\generic\pgf\basiclayer\pgfcoregraphicstate.code.t
ex"
File: pgfcoregraphicstate.code.tex 2007/03/09  (rcs-revision 1.7)
\pgflinewidth=\dimen132
)
("C:\Programmi\MiKTeX 2.6\tex\generic\pgf\basiclayer\pgfcoretransformations.cod
e.tex"
File: pgfcoretransformations.code.tex 2007/06/07  (rcs-revision 1.6)
\pgf@pt@x=\dimen133
\pgf@pt@y=\dimen134
\pgf@pt@temp=\dimen135
)
("C:\Programmi\MiKTeX 2.6\tex\generic\pgf\basiclayer\pgfcorequick.code.tex"
File: pgfcorequick.code.tex 2006/10/11  (rcs-revision 1.2)
)
("C:\Programmi\MiKTeX 2.6\tex\generic\pgf\basiclayer\pgfcoreobjects.code.tex"
File: pgfcoreobjects.code.tex 2006/10/11  (rcs-revision 1.2)
)
("C:\Programmi\MiKTeX 2.6\tex\generic\pgf\basiclayer\pgfcorepathprocessing.code
.tex"
File: pgfcorepathprocessing.code.tex 2007/03/09  (rcs-revision 1.6)
)
("C:\Programmi\MiKTeX 2.6\tex\generic\pgf\basiclayer\pgfcorearrows.code.tex"
File: pgfcorearrows.code.tex 2007/06/07  (rcs-revision 1.8)
)
("C:\Programmi\MiKTeX 2.6\tex\generic\pgf\basiclayer\pgfcoreshade.code.tex"
File: pgfcoreshade.code.tex 2007/03/09  (rcs-revision 1.8)
\pgf@max=\dimen136
\pgf@sys@shading@range@num=\count96
)))
("C:\Programmi\MiKTeX 2.6\tex\latex\pgf\basiclayer\pgfbaseshapes.sty"
("C:\Programmi\MiKTeX 2.6\tex\generic\pgf\basiclayer\pgfbaseshapes.code.tex"
Package: pgfbaseshapes 2007/06/07 v1.18 (rcs-revision 1.19)
\pgfnodeparttextbox=\box29
))
("C:\Programmi\MiKTeX 2.6\tex\latex\pgf\basiclayer\pgfbaseplot.sty"
("C:\Programmi\MiKTeX 2.6\tex\generic\pgf\basiclayer\pgfbaseplot.code.tex"
Package: pgfbaseplot 2007/05/02 v1.18 (rcs-revision 1.7)
\pgf@plotwrite=\write3
))
("C:\Programmi\MiKTeX 2.6\tex\latex\pgf\basiclayer\pgfbaseimage.sty"
("C:\Programmi\MiKTeX 2.6\tex\generic\pgf\basiclayer\pgfbaseimage.code.tex"
Package: pgfbaseimage 2007/05/31 v1.18 (rcs-revision 1.7)
\pgfexternal@startupbox=\box30
))
("C:\Programmi\MiKTeX 2.6\tex\latex\pgf\basiclayer\pgfbaselayers.sty"
("C:\Programmi\MiKTeX 2.6\tex\generic\pgf\basiclayer\pgfbaselayers.code.tex"
Package: pgfbaselayers 2006/10/16 v1.18 (rcs-revision 1.5)
))
("C:\Programmi\MiKTeX 2.6\tex\latex\pgf\basiclayer\pgfbasesnakes.sty"
("C:\Programmi\MiKTeX 2.6\tex\generic\pgf\basiclayer\pgfbasesnakes.code.tex"
Package: pgfbasesnakes 2007/03/09 v1.18 (rcs-revision 1.11)
\pgfsnakeremainingdistance=\dimen137
\pgfsnakecompleteddistance=\dimen138
))
("C:\Programmi\MiKTeX 2.6\tex\latex\pgf\basiclayer\pgfbasepatterns.sty"
("C:\Programmi\MiKTeX 2.6\tex\generic\pgf\basiclayer\pgfbasepatterns.code.tex"
Package: pgfbasepatterns 2007/02/05 v1.18 (rcs-revision 1.10)
)) ("C:\Programmi\MiKTeX 2.6\tex\latex\pgf\basiclayer\pgfbasematrix.sty"
("C:\Programmi\MiKTeX 2.6\tex\generic\pgf\basiclayer\pgfbasematrix.code.tex"
Package: pgfbasematrix 2007/03/09 v1.18 (rcs-revision 1.11)
\pgfmatrixcurrentrow=\count97
\pgfmatrixcurrentcolumn=\count98
\pgf@matrix@numberofcolumns=\count99
))
("C:\Programmi\MiKTeX 2.6\tex\latex\pgf\compatibility\pgfcomp-version-0-65.sty"
Package: pgfcomp-version-0-65 2006/10/11 v1.18 (rcs-revision 1.4)
\pgf@nodesepstart=\dimen139
\pgf@nodesepend=\dimen140
)) ("C:\Programmi\MiKTeX 2.6\tex\latex\tools\calc.sty"
Package: calc 2005/08/06 v4.2 Infix arithmetic (KKT,FJ)
\calc@Acount=\count100
\calc@Bcount=\count101
\calc@Adimen=\dimen141
\calc@Bdimen=\dimen142
\calc@Askip=\skip43
\calc@Bskip=\skip44
LaTeX Info: Redefining \setlength on input line 75.
LaTeX Info: Redefining \addtolength on input line 76.
\calc@Ccount=\count102
\calc@Cskip=\skip45
)
("C:\Programmi\MiKTeX 2.6\tex\latex\pgf\utilities\pgffor.sty"
("C:\Programmi\MiKTeX 2.6\tex\generic\pgf\utilities\pgffor.code.tex"
Package: pgffor 2006/10/16 v1.18 (rcs-revision 1.5)
\pgffor@iter=\dimen143
\pgffor@skip=\dimen144
))
("C:\Programmi\MiKTeX 2.6\tex\latex\xkeyval\xkeyval.sty"
Package: xkeyval 2006/11/18 v2.5f package option processing (HA)

("C:\Programmi\MiKTeX 2.6\tex\generic\xkeyval\xkeyval.tex"
\XKV@toks=\toks16
\XKV@depth=\count103
File: xkeyval.tex 2006/11/18 v2.5f key=value parser (HA)
))
("C:\Programmi\MiKTeX 2.6\tex\generic\pgf\frontendlayer\tikz.code.tex"
Package: tikz 2007/06/07 v1.18 (rcs-revision 1.87)

("C:\Programmi\MiKTeX 2.6\tex\generic\pgf\libraries\pgflibraryplothandlers.code
.tex"
File: pgflibraryplothandlers.code.tex 2007/03/09 v1.18 (rcs-revision 1.9)
\pgf@plot@mark@count=\count104
\pgfplotmarksize=\dimen145
)
\tikz@lastx=\dimen146
\tikz@lasty=\dimen147
\tikz@lastxsaved=\dimen148
\tikz@lastysaved=\dimen149
\tikzleveldistance=\dimen150
\tikzsiblingdistance=\dimen151
\tikz@figbox=\box31
\tikz@tempbox=\box32
\tikztreelevel=\count105
\tikznumberofchildren=\count106
\tikznumberofcurrentchild=\count107
\tikz@fig@count=\count108
\tikz@expandcount=\count109

("C:\Programmi\MiKTeX 2.6\tex\generic\pgf\libraries\pgflibrarytikztopaths.code.
tex"
File: pgflibrarytikztopaths.code.tex 2007/06/07 v1.18 (rcs-revision 1.7)
)))
("C:\Programmi\MiKTeX 2.6\tex\generic\pgf\libraries\pgflibrarytikzshapes.code.t
ex"
File: pgflibrarytikzshapes.code.tex 2007/06/08 v1.18 (rcs-revision 1.3)

("C:\Programmi\MiKTeX 2.6\tex\generic\pgf\libraries\pgflibrarytikzshapes.geomet
ric.code.tex"
File: pgflibrarytikzshapes.geometric.code.tex 2007/06/08 v1.18 (rcs-revision 1.
1)

("C:\Programmi\MiKTeX 2.6\tex\generic\pgf\libraries\pgflibraryshapes.geometric.
code.tex"
File: pgflibraryshapes.geometric.code.tex 2007/06/08 v1.18 (rcs-revision 1.1)
))
("C:\Programmi\MiKTeX 2.6\tex\generic\pgf\libraries\pgflibrarytikzshapes.misc.c
ode.tex"
File: pgflibrarytikzshapes.misc.code.tex 2007/06/08 v1.18 (rcs-revision 1.1)

("C:\Programmi\MiKTeX 2.6\tex\generic\pgf\libraries\pgflibraryshapes.misc.code.
tex"
File: pgflibraryshapes.misc.code.tex 2007/06/08 v1.18 (rcs-revision 1.1)
))
("C:\Programmi\MiKTeX 2.6\tex\generic\pgf\libraries\pgflibrarytikzshapes.symbol
s.code.tex"
File: pgflibrarytikzshapes.symbols.code.tex 2007/06/08 v1.18 (rcs-revision 1.1)


("C:\Programmi\MiKTeX 2.6\tex\generic\pgf\libraries\pgflibraryshapes.symbols.co
de.tex"
File: pgflibraryshapes.symbols.code.tex 2007/06/08 v1.18 (rcs-revision 1.1)
))
("C:\Programmi\MiKTeX 2.6\tex\generic\pgf\libraries\pgflibrarytikzshapes.arrows
.code.tex"
File: pgflibrarytikzshapes.arrows.code.tex 2007/06/08 v1.18 (rcs-revision 1.1)

("C:\Programmi\MiKTeX 2.6\tex\generic\pgf\libraries\pgflibraryshapes.arrows.cod
e.tex"
File: pgflibraryshapes.arrows.code.tex 2007/06/08 v1.18 (rcs-revision 1.1)
))
("C:\Programmi\MiKTeX 2.6\tex\generic\pgf\libraries\pgflibrarytikzshapes.multip
art.code.tex"
File: pgflibrarytikzshapes.multipart.code.tex 2007/06/08 v1.18 (rcs-revision 1.
1)

("C:\Programmi\MiKTeX 2.6\tex\generic\pgf\libraries\pgflibraryshapes.multipart.
code.tex"
File: pgflibraryshapes.multipart.code.tex 2007/06/08 v1.18 (rcs-revision 1.1)
\pgfnodepartlowerbox=\box33
)))
("C:\Programmi\MiKTeX 2.6\tex\generic\pgf\libraries\pgflibrarytikzarrows.code.t
ex"
File: pgflibrarytikzarrows.code.tex 2006/10/11 v1.18 (rcs-revision 1.2)

("C:\Programmi\MiKTeX 2.6\tex\generic\pgf\libraries\pgflibraryarrows.code.tex"
File: pgflibraryarrows.code.tex 2007/06/07 v1.18 (rcs-revision 1.7)
))

LaTeX Warning: Unused global option(s):
    [italian].

No file prova.aux.
LaTeX Font Info:    Checking defaults for OML/cmm/m/it on input line 6.
LaTeX Font Info:    ... okay on input line 6.
LaTeX Font Info:    Checking defaults for T1/cmr/m/n on input line 6.
LaTeX Font Info:    ... okay on input line 6.
LaTeX Font Info:    Checking defaults for OT1/cmr/m/n on input line 6.
LaTeX Font Info:    ... okay on input line 6.
LaTeX Font Info:    Checking defaults for OMS/cmsy/m/n on input line 6.
LaTeX Font Info:    ... okay on input line 6.
LaTeX Font Info:    Checking defaults for OMX/cmex/m/n on input line 6.
LaTeX Font Info:    ... okay on input line 6.
LaTeX Font Info:    Checking defaults for U/cmr/m/n on input line 6.
LaTeX Font Info:    ... okay on input line 6.
[1

] (prova.aux) ) 
Here is how much of TeX's memory you used:
 8416 strings out of 95296
 142539 string characters out of 1185000
 189493 words of memory out of 1191145
 11288 multiletter control sequences out of 60000
 3640 words of font info for 14 fonts, out of 1000000 for 2000
 14 hyphenation exceptions out of 8191
 46i,5n,49p,396b,675s stack positions out of 5000i,500n,10000p,200000b,32768s

Output written on prova.dvi (1 page, 15696 bytes).
